[backblue.gif]
[fade.gif]
[index.html]
[waleedabdo.com/web/img/logo-light.png]
[cdnjs.cloudflare.com/ajax/libs/animate.css/4.1.1/animate.min.css]
[waleedabdo.com/web/img/logo-dark.png]
[waleedabdo.com/web/img/header2.png]
[waleedabdo.com/web/img/intro/3.jpg]
[waleedabdo.com/web/img/intro/1.jpg]
[waleedabdo.com/web/img/intro/2.jpg]
[waleedabdo.com/web/img/clients/3.jpg]
[waleedabdo.com/web/img/clients/1.jpg]
[waleedabdo.com/web/img/clients/2.jpg]
[waleedabdo.com/web/img/clients/4.jpg]
[waleedabdo.com/web/img/clients/5.png]
[waleedabdo.com/web/img/clients/6.jpg]
[waleedabdo.com/web/img/clients/7.jpg]
[waleedabdo.com/storage/blog/covers/607f99e35e57d1618975203.jpg]
[waleedabdo.com/storage/blog/covers/607f9879e33de1618974841.jpg]
[waleedabdo.com/storage/blog/covers/607746380f9f51618429496.jpg]
[waleedabdo.com/storage/blog/covers/607744d832b471618429144.jpg]
[waleedabdo.com/storage/blog/covers/6048f4f9055351615394041.jpg]
[waleedabdo.com/web/img/pattern.png]
[waleedabdo.com/web/js/jquery-3.0.0.min.js]
[waleedabdo.com/web/js/jquery-migrate-3.0.0.min.js]
[waleedabdo.com/web/js/plugins.js]
[waleedabdo.com/web/js/scripts.js]
[waleedabdo.com/web/js/layout.js]
[waleedabdo.com/index.html]
[www.googletagmanager.com/gtm5445.html]
[cdnjs.cloudflare.com/ajax/libs/animate.css/4.1.1/animate.min.css]
[waleedabdo.com/web/css/plugins.css]
[waleedabdo.com/web/fonts/GE-Flow-Regular.otf]
[waleedabdo.com/web/css/style.css]
[waleedabdo.com/web/images/test3.jpg]
[waleedabdo.com/web/images/big6.png]
[waleedabdo.com/web/images/borderB6w.png]
[waleedabdo.com/web/images/test5.jpg]
[waleedabdo.com/web/js/libs/jquery-3.2.1.min.js]
[waleedabdo.com/web/js/libs/popper.js]
[waleedabdo.com/web/js/libs/bootstrap.min.js]
[waleedabdo.com/web/js/enter.js]
[waleedabdo.com/profile.html]
[waleedabdo.com/blog.html]
[waleedabdo.com/gallery.html]
[ajax.googleapis.com/ajax/libs/jquery/1.9.1/jquery.js]
[waleedabdo.com/contactus.html]
[www.google.com/recaptcha/apid41d.js]
[cdnjs.cloudflare.com/ajax/libs/jquery-validate/1.19.0/additional-methods.min.js]
[cdnjs.cloudflare.com/ajax/libs/jquery-validate/1.19.0/jquery.validate.js]
[waleedabdo.com/web/images/rocket.png]
[waleedabdo.com/web/images/logo.png]
[waleedabdo.com/student/login.html]
[waleedabdo.com/student/register.html]
[waleedabdo.com/facebook.html]
[waleedabdo.com/12345678999.html]
[waleedabdo.com/contact.html]
[waleedabdo.com/twitter.html]
[waleedabdo.com/instagram.html]
[waleedabdo.com/about.html]
[waleedabdo.com/storage/gallery/62ed56a38dae91659721379.jpg]
[waleedabdo.com/storage/gallery/62ed579fbf0ce1659721631.jpg]
[waleedabdo.com/storage/gallery/62ed579fcc2371659721631.jpg]
[waleedabdo.com/storage/gallery/62ed579fd41bd1659721631.jpg]
[waleedabdo.com/storage/gallery/62ed579fda5a11659721631.jpg]
[waleedabdo.com/storage/gallery/62ed579fe4b571659721631.jpg]
[waleedabdo.com/storage/gallery/62ed579ff0c671659721631.jpg]
[waleedabdo.com/storage/gallery/62ed57a0042321659721632.jpg]
[waleedabdo.com/storage/gallery/62ed57a00f3a01659721632.jpg]
[waleedabdo.com/storage/gallery/62ed57a0160f71659721632.jpg]
[waleedabdo.com/storage/gallery/62ed57a01f0d61659721632.jpg]
[waleedabdo.com/storage/gallery/62ed57a0284381659721632.jpg]
[waleedabdo.com/storage/gallery/62ed57a030d6a1659721632.jpg]
[waleedabdo.com/storage/gallery/62ed57a036dbf1659721632.jpg]
[waleedabdo.com/storage/gallery/62ed57a03f0a91659721632.jpg]
[waleedabdo.com/storage/gallery/62ed57a0449741659721632.jpg]
[waleedabdo.com/storage/gallery/62ed57a04966d1659721632.jpg]
[waleedabdo.com/storage/gallery/62ed57a04eb941659721632.jpg]
[waleedabdo.com/storage/gallery/62ed57a0537631659721632.jpg]
[waleedabdo.com/storage/gallery/62ed57a0582df1659721632.jpg]
[waleedabdo.com/storage/gallery/62ed57a05c8d01659721632.jpg]
[waleedabdo.com/storage/gallery/62ed58c82a54e1659721928.jpg]
[waleedabdo.com/storage/gallery/62ed58c8334661659721928.jpg]
[waleedabdo.com/storage/gallery/62ed58c8459cc1659721928.jpg]
[waleedabdo.com/storage/gallery/62ed58c846dd31659721928.jpg]
[waleedabdo.com/storage/gallery/62ed58c848e531659721928.jpg]
[waleedabdo.com/storage/gallery/62ed58c84a5bf1659721928.jpg]
[waleedabdo.com/storage/gallery/62ed58c84c1d11659721928.jpg]
[waleedabdo.com/storage/gallery/62ed58c84ec901659721928.jpg]
[waleedabdo.com/storage/gallery/62ed58c8528b81659721928.jpg]
[waleedabdo.com/storage/gallery/62ed58c853ff51659721928.jpg]
[waleedabdo.com/storage/gallery/62ed58c85692e1659721928.jpg]
[waleedabdo.com/storage/gallery/62ed58c85b4e81659721928.jpg]
[waleedabdo.com/storage/gallery/62ed58c8605f91659721928.jpg]
[waleedabdo.com/storage/gallery/62ed58c864ebd1659721928.jpg]
[waleedabdo.com/storage/gallery/62ed58c8699461659721928.jpg]
[waleedabdo.com/storage/gallery/62ed58c8714421659721928.jpg]
[waleedabdo.com/storage/gallery/62ed58c87665b1659721928.jpg]
[waleedabdo.com/storage/gallery/62ed58c87b8911659721928.jpg]
[waleedabdo.com/storage/gallery/62ed58c8811451659721928.jpg]
[waleedabdo.com/storage/gallery/62ed58c88825f1659721928.jpg]
[waleedabdo.com/storage/gallery/62ed7377c327f1659728759.jpg]
[waleedabdo.com/storage/gallery/62ed7377cf4021659728759.jpg]
[waleedabdo.com/storage/gallery/62ed7377d10521659728759.jpg]
[waleedabdo.com/storage/gallery/62ed7377d5a161659728759.jpg]
[waleedabdo.com/storage/gallery/62ed7377d948b1659728759.jpg]
[waleedabdo.com/storage/gallery/62ed7377df7911659728759.jpg]
[waleedabdo.com/storage/gallery/62ed7377e14d41659728759.jpg]
[waleedabdo.com/storage/gallery/62ed7377e42641659728759.jpg]
[waleedabdo.com/storage/gallery/62ed7377e69f01659728759.jpg]
[waleedabdo.com/storage/gallery/62ed7377eb7f41659728759.jpg]
[waleedabdo.com/storage/gallery/62ed7377f3d941659728759.jpg]
[waleedabdo.com/storage/gallery/62ed73780e3261659728760.jpg]
[waleedabdo.com/storage/gallery/62ed73781ce891659728760.jpg]
[waleedabdo.com/storage/gallery/62ed73782a3ac1659728760.jpg]
[waleedabdo.com/storage/gallery/62ed7378339471659728760.jpg]
[waleedabdo.com/storage/gallery/62ed73783cc4d1659728760.jpg]
[waleedabdo.com/storage/gallery/62ed73784103a1659728760.jpg]
[waleedabdo.com/storage/gallery/62ed737847da21659728760.jpg]
[waleedabdo.com/storage/gallery/62ed73784eac81659728760.jpg]
[waleedabdo.com/storage/gallery/62ed7378543061659728760.jpg]
[waleedabdo.com/storage/gallery/62eeab77a913e1659808631.jpg]
[waleedabdo.com/storage/gallery/62eeab77b23561659808631.jpg]
[waleedabdo.com/storage/gallery/62eeab77b45961659808631.jpg]
[waleedabdo.com/storage/gallery/62eeab77b60031659808631.jpg]
[waleedabdo.com/storage/gallery/62eeab77b89ea1659808631.jpg]
[waleedabdo.com/storage/gallery/62eeab77bae7c1659808631.jpg]
[waleedabdo.com/storage/gallery/62eeab77bc9dd1659808631.jpg]
[waleedabdo.com/storage/gallery/62eeab77c20211659808631.jpg]
[waleedabdo.com/storage/gallery/62eeab77cc8aa1659808631.jpg]
[waleedabdo.com/storage/gallery/62eeab77d48ef1659808631.jpg]
[waleedabdo.com/storage/gallery/62eeab77dd7911659808631.jpg]
[waleedabdo.com/storage/gallery/62eeab77e422c1659808631.jpg]
[waleedabdo.com/storage/gallery/62eeab77e9b5b1659808631.jpg]
[waleedabdo.com/storage/gallery/62eeab77f021e1659808631.jpg]
[waleedabdo.com/storage/gallery/62eeab780322a1659808632.jpg]
[waleedabdo.com/storage/gallery/62eeab780990a1659808632.jpg]
[waleedabdo.com/storage/gallery/62eeab7810fa91659808632.jpg]
[waleedabdo.com/storage/gallery/62eeab7817aec1659808632.jpg]
[waleedabdo.com/storage/gallery/62eeab781ef281659808632.jpg]
[waleedabdo.com/storage/gallery/62eeab78266691659808632.jpg]
[waleedabdo.com/storage/gallery/62eeac8a7f33f1659808906.jpg]
[waleedabdo.com/storage/gallery/62eeac8a873271659808906.jpg]
[waleedabdo.com/storage/gallery/62eeac8a8a1e91659808906.jpg]
[waleedabdo.com/storage/gallery/62eeac8a8ccc71659808906.jpg]
[waleedabdo.com/storage/gallery/62eeac8a91e6e1659808906.jpg]
[waleedabdo.com/storage/gallery/62eeac8a990331659808906.jpg]
[waleedabdo.com/storage/gallery/62eeac8aa1ade1659808906.jpg]
[waleedabdo.com/storage/gallery/62eeac8aa8a941659808906.jpg]
[waleedabdo.com/storage/gallery/62eeac8aae13b1659808906.jpg]
[waleedabdo.com/storage/gallery/62eeac8ab3c931659808906.jpg]
[waleedabdo.com/storage/gallery/62eeac8ac05931659808906.jpg]
[waleedabdo.com/storage/gallery/62eeac8ac50571659808906.jpg]
[waleedabdo.com/storage/gallery/62eeac8ac965e1659808906.jpg]
[waleedabdo.com/storage/gallery/62eeac8ad28771659808906.jpg]
[waleedabdo.com/storage/gallery/62eeac8ad84bc1659808906.jpg]
[waleedabdo.com/storage/gallery/62eeac8ae0d5b1659808906.jpg]
[waleedabdo.com/storage/gallery/62eeac8ae70161659808906.jpg]
[waleedabdo.com/storage/gallery/62eeac8aee1211659808906.jpg]
[waleedabdo.com/storage/gallery/62eeac8af33fd1659808906.jpg]
[waleedabdo.com/storage/gallery/62eeac8b01d6f1659808907.jpg]
[waleedabdo.com/storage/gallery/62eeae6ab6a341659809386.jpg]
[waleedabdo.com/storage/gallery/62eeae6abb1cb1659809386.jpg]
[waleedabdo.com/storage/gallery/62eeae6ac0c081659809386.jpg]
[waleedabdo.com/storage/gallery/62eeae6ac30031659809386.jpg]
[waleedabdo.com/storage/gallery/62eeae6ac600f1659809386.jpg]
[waleedabdo.com/storage/gallery/62eeae6ac80f31659809386.jpg]
[waleedabdo.com/storage/gallery/62eeae6aca0c61659809386.jpg]
[waleedabdo.com/storage/gallery/62eeae6acb4b21659809386.jpg]
[waleedabdo.com/storage/gallery/62eeae6acd0b21659809386.jpg]
[waleedabdo.com/storage/gallery/62eeae6acfb511659809386.jpg]
[waleedabdo.com/storage/gallery/62eeae6ad1ada1659809386.jpg]
[waleedabdo.com/storage/gallery/62eeae6ad38f21659809386.jpg]
[waleedabdo.com/storage/gallery/62eeae6ad56931659809386.jpg]
[waleedabdo.com/storage/gallery/62eeae6ad73b91659809386.jpg]
[waleedabdo.com/storage/gallery/62eeae6ad911b1659809386.jpg]
[waleedabdo.com/storage/gallery/62eeae6adb8c11659809386.jpg]
[waleedabdo.com/storage/gallery/62eeae6add36e1659809386.jpg]
[waleedabdo.com/storage/gallery/62eeae6adf0741659809386.jpg]
[waleedabdo.com/storage/gallery/62eeae6ae18891659809386.jpg]
[waleedabdo.com/storage/gallery/62eeae6ae6abf1659809386.jpg]
[waleedabdo.com/storage/gallery/62eeafd75cddf1659809751.jpg]
[waleedabdo.com/storage/gallery/62eeafd760edf1659809751.jpg]
[waleedabdo.com/storage/gallery/62eeafd7630dd1659809751.jpg]
[waleedabdo.com/storage/gallery/62eeafd76626f1659809751.jpg]
[waleedabdo.com/storage/gallery/62eeafd7686951659809751.jpg]
[waleedabdo.com/storage/gallery/62eeafd76afbb1659809751.jpg]
[waleedabdo.com/storage/gallery/62eeafd76ecdb1659809751.jpg]
[waleedabdo.com/storage/gallery/62eeafd772dfe1659809751.jpg]
[waleedabdo.com/storage/gallery/62eeafd7760251659809751.jpg]
[waleedabdo.com/storage/gallery/62eeafd7791491659809751.jpg]
[waleedabdo.com/storage/gallery/62eeafd77b0e61659809751.jpg]
[waleedabdo.com/storage/gallery/62eeafd77d76d1659809751.jpg]
[waleedabdo.com/storage/gallery/62eeafd78060e1659809751.jpg]
[waleedabdo.com/storage/gallery/62eeafd7836511659809751.jpg]
[waleedabdo.com/storage/gallery/62eeafd7864f81659809751.jpg]
[waleedabdo.com/storage/gallery/62eeafd787f151659809751.jpg]
[waleedabdo.com/storage/gallery/62eeafd78b8f01659809751.jpg]
[waleedabdo.com/storage/gallery/62eeafd78d93d1659809751.jpg]
[waleedabdo.com/storage/gallery/62eeafd79201c1659809751.jpg]
[waleedabdo.com/storage/gallery/62eeafd79688f1659809751.jpg]
[waleedabdo.com/storage/gallery/62eeb38a664531659810698.jpg]
[waleedabdo.com/storage/gallery/62eeb38a709721659810698.jpg]
[waleedabdo.com/storage/gallery/62eeb38a73da01659810698.jpg]
[waleedabdo.com/storage/gallery/62eeb38a760761659810698.jpg]
[waleedabdo.com/storage/gallery/62eeb38a796d01659810698.jpg]
[waleedabdo.com/storage/gallery/62eeb38a807211659810698.jpg]
[waleedabdo.com/storage/gallery/62eeb38a8583b1659810698.jpg]
[waleedabdo.com/storage/gallery/62eeb38a8c65c1659810698.jpg]
[waleedabdo.com/storage/gallery/62eeb38a915cf1659810698.jpg]
[waleedabdo.com/storage/gallery/62eeb38a992161659810698.jpg]
[waleedabdo.com/storage/gallery/62eeb38a9fb3c1659810698.jpg]
[waleedabdo.com/storage/gallery/62eeb38aa7ebf1659810698.jpg]
[waleedabdo.com/storage/gallery/62eeb38aac74d1659810698.jpg]
[waleedabdo.com/storage/gallery/62eeb38ab2ebd1659810698.jpg]
[waleedabdo.com/storage/gallery/62eeb38aba4de1659810698.jpg]
[waleedabdo.com/storage/gallery/62eeb38ac0d4c1659810698.jpg]
[waleedabdo.com/storage/gallery/62eeb38ac86901659810698.jpg]
[waleedabdo.com/storage/gallery/62eeb38acf9831659810698.jpg]
[waleedabdo.com/storage/gallery/62eeb38ad75f61659810698.jpg]
[waleedabdo.com/storage/gallery/62eeb38adb7181659810698.jpg]
[waleedabdo.com/storage/gallery/62eeb415367a91659810837.jpg]
[waleedabdo.com/storage/gallery/62eeb41543cce1659810837.jpg]
[waleedabdo.com/storage/gallery/62eeb4154593e1659810837.jpg]
[waleedabdo.com/storage/gallery/62eeb415472571659810837.jpg]
[waleedabdo.com/storage/gallery/62eeb41549b751659810837.jpg]
[waleedabdo.com/storage/gallery/62eeb4154bdde1659810837.jpg]
[waleedabdo.com/storage/gallery/62eeb415510571659810837.jpg]
[waleedabdo.com/storage/gallery/62eeb415554b21659810837.jpg]
[waleedabdo.com/storage/gallery/62eeb54ac73d91659811146.jpg]
[waleedabdo.com/storage/gallery/62eeb54aceeae1659811146.jpg]
[waleedabdo.com/storage/gallery/62eeb54ad5eb31659811146.jpg]
[waleedabdo.com/storage/gallery/62eeb54adac1a1659811146.jpg]
[waleedabdo.com/storage/gallery/62eeb54ae16e21659811146.jpg]
[waleedabdo.com/storage/gallery/62eeb54ae85051659811146.jpg]
[waleedabdo.com/storage/gallery/62eeb54aed1a81659811146.jpg]
[waleedabdo.com/storage/gallery/62eeb54aef90f1659811146.jpg]
[waleedabdo.com/storage/gallery/62eeb54b046201659811147.jpg]
[waleedabdo.com/storage/gallery/62eeb54b075b71659811147.jpg]
[waleedabdo.com/storage/gallery/62eeb54b0c30b1659811147.jpg]
[waleedabdo.com/storage/gallery/62eeb54b131f01659811147.jpg]
[waleedabdo.com/storage/gallery/62eeb9ffd2d5c1659812351.jpg]
[waleedabdo.com/storage/gallery/62eeb9ffd98151659812351.jpg]
[waleedabdo.com/storage/gallery/62eeba000207c1659812352.jpg]
[waleedabdo.com/storage/gallery/62eeba00075a71659812352.jpg]
[waleedabdo.com/storage/gallery/62eeba000d48f1659812352.jpg]
[waleedabdo.com/storage/gallery/62eeba00106f71659812352.jpg]
[waleedabdo.com/storage/gallery/62eeba0015bef1659812352.jpg]
[waleedabdo.com/storage/gallery/62eeba001b63d1659812352.jpg]
[waleedabdo.com/storage/gallery/62eeba001fe7a1659812352.jpg]
[waleedabdo.com/storage/gallery/62eeba0024ce41659812352.jpg]
[waleedabdo.com/storage/gallery/62eeba00297571659812352.jpg]
[waleedabdo.com/storage/gallery/62eeba002d6411659812352.jpg]
[waleedabdo.com/storage/gallery/62eeba003233e1659812352.jpg]
[waleedabdo.com/storage/gallery/62eeba0037dc21659812352.jpg]
[waleedabdo.com/storage/gallery/62eeba003c99b1659812352.jpg]
[waleedabdo.com/storage/gallery/62eeba004274b1659812352.jpg]
[waleedabdo.com/storage/gallery/62eeba00496c31659812352.jpg]
[waleedabdo.com/storage/gallery/62eeba004eb4e1659812352.jpg]
[waleedabdo.com/storage/gallery/62eeba00538681659812352.jpg]
[waleedabdo.com/storage/gallery/62eeba005857b1659812352.jpg]
[waleedabdo.com/web/js/libs/jquery1.8.0.min.js]
[waleedabdo.com/web/js/libs/lightgallery-all.min.js]
[waleedabdo.com/web/js/libs/jquery.mousewheel.min.js]
[waleedabdo.com/album/12/المراجعة-النهائية[2022].html]
[waleedabdo.com/storage/gallery/612c82ea96c391630307050.gif]
[waleedabdo.com/storage/gallery/612c82eaac3631630307050.gif]
[waleedabdo.com/storage/gallery/612c82eab541f1630307050.gif]
[waleedabdo.com/storage/gallery/612c82eabf57b1630307050.gif]
[waleedabdo.com/storage/gallery/612c82eac9eb11630307050.gif]
[waleedabdo.com/storage/gallery/612c82ead98031630307050.gif]
[waleedabdo.com/storage/gallery/612c82eae65741630307050.gif]
[waleedabdo.com/storage/gallery/612c82eaf35401630307050.gif]
[waleedabdo.com/storage/gallery/612c82eb04f6a1630307051.gif]
[waleedabdo.com/storage/gallery/612c82eb078fa1630307051.gif]
[waleedabdo.com/storage/gallery/612c82eb0bf8a1630307051.gif]
[waleedabdo.com/storage/gallery/612c82eb1a0ee1630307051.gif]
[waleedabdo.com/storage/gallery/612c82eb1e31b1630307051.gif]
[waleedabdo.com/storage/gallery/612c82eb25cb01630307051.gif]
[waleedabdo.com/storage/gallery/612c82eb2ab641630307051.gif]
[waleedabdo.com/storage/gallery/612c82eb319121630307051.gif]
[waleedabdo.com/storage/gallery/612c82eb38bf31630307051.gif]
[waleedabdo.com/storage/gallery/612c82eb4005d1630307051.gif]
[waleedabdo.com/storage/gallery/612c82eb849641630307051.gif]
[waleedabdo.com/storage/gallery/612c82eb8b5df1630307051.gif]
[waleedabdo.com/storage/gallery/612c8499c3e261630307481.gif]
[waleedabdo.com/storage/gallery/612c8499c77ac1630307481.gif]
[waleedabdo.com/storage/gallery/612c8499cdc691630307481.gif]
[waleedabdo.com/storage/gallery/612c8499d1ed01630307481.gif]
[waleedabdo.com/storage/gallery/612c8499d59931630307481.gif]
[waleedabdo.com/storage/gallery/612c8499d72cf1630307481.gif]
[waleedabdo.com/storage/gallery/612c8499dab791630307481.gif]
[waleedabdo.com/storage/gallery/612c8499dc1831630307481.gif]
[waleedabdo.com/storage/gallery/612c8499e0fce1630307481.gif]
[waleedabdo.com/storage/gallery/612c8499e52fe1630307481.gif]
[waleedabdo.com/storage/gallery/612c8499e754b1630307481.gif]
[waleedabdo.com/storage/gallery/612c8499ec5181630307481.gif]
[waleedabdo.com/storage/gallery/612c8499f086a1630307481.gif]
[waleedabdo.com/storage/gallery/612c8499f33b01630307481.gif]
[waleedabdo.com/storage/gallery/612c849a0343d1630307482.gif]
[waleedabdo.com/storage/gallery/612c849a0a8c81630307482.gif]
[waleedabdo.com/storage/gallery/612c849a0e7ce1630307482.gif]
[waleedabdo.com/storage/gallery/612c849a1572b1630307482.gif]
[waleedabdo.com/storage/gallery/612c849a198961630307482.gif]
[waleedabdo.com/storage/gallery/612c849a20dd61630307482.gif]
[waleedabdo.com/storage/gallery/612c86dd4dbcd1630308061.gif]
[waleedabdo.com/storage/gallery/612c86dd51cf71630308061.gif]
[waleedabdo.com/storage/gallery/612c86dd5372a1630308061.gif]
[waleedabdo.com/storage/gallery/612c86dd54b6a1630308061.gif]
[waleedabdo.com/storage/gallery/612c86dd562781630308061.gif]
[waleedabdo.com/storage/gallery/612c86dd586961630308061.gif]
[waleedabdo.com/storage/gallery/612c86dd5ad3d1630308061.gif]
[waleedabdo.com/storage/gallery/612c86dd5c80b1630308061.gif]
[waleedabdo.com/storage/gallery/612c86dd5f98e1630308061.gif]
[waleedabdo.com/storage/gallery/612c86dd61fdb1630308061.gif]
[waleedabdo.com/storage/gallery/612c86dd64abd1630308061.gif]
[waleedabdo.com/storage/gallery/612c86dd678051630308061.gif]
[waleedabdo.com/storage/gallery/612c86dd68df01630308061.gif]
[waleedabdo.com/storage/gallery/612c86dd6bbe11630308061.gif]
[waleedabdo.com/storage/gallery/612c86dd6e1641630308061.gif]
[waleedabdo.com/storage/gallery/612c86dd708441630308061.gif]
[waleedabdo.com/storage/gallery/612c86dd71caf1630308061.gif]
[waleedabdo.com/storage/gallery/612c86dd735471630308061.gif]
[waleedabdo.com/storage/gallery/612c86dd74c971630308061.gif]
[waleedabdo.com/storage/gallery/612c86dd77cd31630308061.gif]
[waleedabdo.com/storage/gallery/612c8f6b7999a1630310251.gif]
[waleedabdo.com/storage/gallery/612c8f6b8a4381630310251.gif]
[waleedabdo.com/storage/gallery/612c8f6b8d2551630310251.gif]
[waleedabdo.com/storage/gallery/612c8f6b8e35b1630310251.gif]
[waleedabdo.com/storage/gallery/612c8f6b9087d1630310251.gif]
[waleedabdo.com/storage/gallery/612c8f6b931da1630310251.gif]
[waleedabdo.com/storage/gallery/612c8f6b94bd01630310251.gif]
[waleedabdo.com/storage/gallery/612c8f6b9b6b51630310251.gif]
[waleedabdo.com/storage/gallery/612c8f6b9c8fa1630310251.gif]
[waleedabdo.com/storage/gallery/612c8f6b9e7401630310251.gif]
[waleedabdo.com/storage/gallery/612c8f6ba1d691630310251.gif]
[waleedabdo.com/storage/gallery/612c8f6ba48c51630310251.gif]
[waleedabdo.com/storage/gallery/612c8f6ba98cb1630310251.gif]
[waleedabdo.com/storage/gallery/612c8f6badbc61630310251.gif]
[waleedabdo.com/storage/gallery/612c8f6bb1ae51630310251.gif]
[waleedabdo.com/storage/gallery/612c8f6bb3d181630310251.gif]
[waleedabdo.com/storage/gallery/612c8f6bb56791630310251.gif]
[waleedabdo.com/storage/gallery/612c8f6bb6cde1630310251.gif]
[waleedabdo.com/storage/gallery/612c8f6bb82a61630310251.gif]
[waleedabdo.com/storage/gallery/612c8f6bb917d1630310251.gif]
[waleedabdo.com/storage/gallery/612c921c6e15c1630310940.gif]
[waleedabdo.com/storage/gallery/612c921c747271630310940.gif]
[waleedabdo.com/storage/gallery/612c921c79f911630310940.gif]
[waleedabdo.com/storage/gallery/612c921c7da411630310940.gif]
[waleedabdo.com/storage/gallery/612c921c8060f1630310940.gif]
[waleedabdo.com/storage/gallery/612c921c8f7791630310940.gif]
[waleedabdo.com/storage/gallery/612c921c94bd41630310940.gif]
[waleedabdo.com/storage/gallery/612c921c9841f1630310940.gif]
[waleedabdo.com/storage/gallery/612c921c9c8f91630310940.gif]
[waleedabdo.com/storage/gallery/612c921ca35d51630310940.gif]
[waleedabdo.com/storage/gallery/612c921cdd0381630310940.gif]
[waleedabdo.com/storage/gallery/612c921ce0bf31630310940.gif]
[waleedabdo.com/storage/gallery/612c921ce62da1630310940.gif]
[waleedabdo.com/storage/gallery/612c921cea7e91630310940.gif]
[waleedabdo.com/storage/gallery/612c921ceffd21630310940.gif]
[waleedabdo.com/storage/gallery/612c921d199c31630310941.gif]
[waleedabdo.com/storage/gallery/612c921d1cf2e1630310941.gif]
[waleedabdo.com/storage/gallery/612c921d22cdd1630310941.gif]
[waleedabdo.com/storage/gallery/612c921d293ea1630310941.gif]
[waleedabdo.com/storage/gallery/612c921d552711630310941.gif]
[waleedabdo.com/storage/gallery/612c95b45ec381630311860.gif]
[waleedabdo.com/storage/gallery/612c95b464ac51630311860.gif]
[waleedabdo.com/storage/gallery/612c95b46993a1630311860.gif]
[waleedabdo.com/storage/gallery/612c95b46ebc61630311860.gif]
[waleedabdo.com/storage/gallery/612c95b47439f1630311860.gif]
[waleedabdo.com/storage/gallery/612c95b47b1af1630311860.gif]
[waleedabdo.com/storage/gallery/612c95b47ec071630311860.gif]
[waleedabdo.com/storage/gallery/612c95b4843b31630311860.gif]
[waleedabdo.com/storage/gallery/612c95b48ac7a1630311860.gif]
[waleedabdo.com/storage/gallery/612c95b48e9f21630311860.gif]
[waleedabdo.com/storage/gallery/612c95b4939771630311860.gif]
[waleedabdo.com/storage/gallery/612c95b496a2c1630311860.gif]
[waleedabdo.com/storage/gallery/612c95b49b7da1630311860.gif]
[waleedabdo.com/storage/gallery/612c95b4b2a9f1630311860.gif]
[waleedabdo.com/storage/gallery/612c95b4d5ee81630311860.gif]
[waleedabdo.com/storage/gallery/612c95b4d852d1630311860.gif]
[waleedabdo.com/storage/gallery/612c95b4dc2691630311860.gif]
[waleedabdo.com/storage/gallery/612c95b4deadb1630311860.gif]
[waleedabdo.com/storage/gallery/612c95b4e1ae11630311860.gif]
[waleedabdo.com/storage/gallery/612c95b4e8cd81630311860.gif]
[waleedabdo.com/storage/gallery/612c96914374d1630312081.gif]
[waleedabdo.com/storage/gallery/612c96914a1201630312081.gif]
[waleedabdo.com/storage/gallery/612c96914c86c1630312081.gif]
[waleedabdo.com/storage/gallery/612c96914db221630312081.gif]
[waleedabdo.com/storage/gallery/612c96914f3531630312081.gif]
[waleedabdo.com/storage/gallery/612c9691510021630312081.gif]
[waleedabdo.com/storage/gallery/612c9691529d21630312081.gif]
[waleedabdo.com/storage/gallery/612c9691559be1630312081.gif]
[waleedabdo.com/storage/gallery/612c969158cbb1630312081.gif]
[waleedabdo.com/storage/gallery/612c96915bf951630312081.gif]
[waleedabdo.com/storage/gallery/612c9691620511630312081.gif]
[waleedabdo.com/storage/gallery/612c9691652fa1630312081.gif]
[waleedabdo.com/storage/gallery/612c96916a15f1630312081.gif]
[waleedabdo.com/storage/gallery/612c96916e1331630312081.gif]
[waleedabdo.com/storage/gallery/612c969171e851630312081.gif]
[waleedabdo.com/storage/gallery/612c96917613e1630312081.gif]
[waleedabdo.com/storage/gallery/612c969178fe71630312081.gif]
[waleedabdo.com/storage/gallery/612c96917b3ad1630312081.gif]
[waleedabdo.com/storage/gallery/612c96918338f1630312081.gif]
[waleedabdo.com/storage/gallery/612c96918835f1630312081.gif]
[waleedabdo.com/storage/gallery/612c9e2c9f43f1630314028.gif]
[waleedabdo.com/storage/gallery/612c9e2ca4d6d1630314028.gif]
[waleedabdo.com/storage/gallery/612c9e2ca63e11630314028.gif]
[waleedabdo.com/storage/gallery/612c9e2ca78061630314028.gif]
[waleedabdo.com/storage/gallery/612c9e2caa9791630314028.gif]
[waleedabdo.com/storage/gallery/612c9e2cadb151630314028.gif]
[waleedabdo.com/storage/gallery/612c9e2cb0f911630314028.gif]
[waleedabdo.com/storage/gallery/612c9e2cb3e841630314028.gif]
[waleedabdo.com/storage/gallery/612c9e2cb793e1630314028.gif]
[waleedabdo.com/storage/gallery/612c9e2cbc1a71630314028.gif]
[waleedabdo.com/storage/gallery/612c9e2cbeef61630314028.gif]
[waleedabdo.com/storage/gallery/612c9e2cc00061630314028.gif]
[waleedabdo.com/album/11/أطلس-العظام.html]
[waleedabdo.com/storage/gallery/607f96111c7041618974225.jpg]
[waleedabdo.com/storage/gallery/607f9684153701618974340.jpg]
[waleedabdo.com/storage/gallery/607f9684172e01618974340.jpg]
[waleedabdo.com/storage/gallery/607f968418a6c1618974340.jpg]
[waleedabdo.com/storage/gallery/607f96841a6281618974340.jpg]
[waleedabdo.com/storage/gallery/607f96841c4501618974340.jpg]
[waleedabdo.com/storage/gallery/607f96841e5421618974340.jpg]
[waleedabdo.com/storage/gallery/607f9684209331618974340.jpg]
[waleedabdo.com/storage/gallery/607f96842262c1618974340.jpg]
[waleedabdo.com/storage/gallery/607f968424a391618974340.jpg]
[waleedabdo.com/storage/gallery/607f9684269661618974340.jpg]
[waleedabdo.com/storage/gallery/607f968428c581618974340.jpg]
[waleedabdo.com/storage/gallery/607f9684298701618974340.jpg]
[waleedabdo.com/storage/gallery/607f96842b0ba1618974340.jpg]
[waleedabdo.com/storage/gallery/607f96842d5621618974340.jpg]
[waleedabdo.com/storage/gallery/607f96842fa041618974340.jpg]
[waleedabdo.com/storage/gallery/607f968431a291618974340.jpg]
[waleedabdo.com/storage/gallery/607f968433bb11618974340.jpg]
[waleedabdo.com/storage/gallery/607f9684363cb1618974340.jpg]
[waleedabdo.com/storage/gallery/607f968437abd1618974340.jpg]
[waleedabdo.com/storage/gallery/607f9684398b81618974340.jpg]
[waleedabdo.com/storage/gallery/607f96fd0758a1618974461.jpg]
[waleedabdo.com/storage/gallery/607f96fd0aab41618974461.jpg]
[waleedabdo.com/storage/gallery/607f96fd0d0ed1618974461.jpg]
[waleedabdo.com/storage/gallery/607f96fd0f1f01618974461.jpg]
[waleedabdo.com/storage/gallery/607f96fd109351618974461.jpg]
[waleedabdo.com/storage/gallery/607f96fd126461618974461.jpg]
[waleedabdo.com/storage/gallery/607f96fd13faa1618974461.jpg]
[waleedabdo.com/storage/gallery/607f96fd15a191618974461.jpg]
[waleedabdo.com/storage/gallery/607f96fd1765d1618974461.jpg]
[waleedabdo.com/storage/gallery/607f96fd194661618974461.jpg]
[waleedabdo.com/storage/gallery/607f96fd1b9651618974461.jpg]
[waleedabdo.com/storage/gallery/607f96fd1d40e1618974461.jpg]
[waleedabdo.com/storage/gallery/607f96fd1f50b1618974461.jpg]
[waleedabdo.com/storage/gallery/607f96fd214161618974461.jpg]
[waleedabdo.com/storage/gallery/607f96fd243eb1618974461.jpg]
[waleedabdo.com/storage/gallery/607f96fd2903a1618974461.jpg]
[waleedabdo.com/storage/gallery/607f96fd2c7ab1618974461.jpg]
[waleedabdo.com/storage/gallery/607f96fd315651618974461.jpg]
[waleedabdo.com/storage/gallery/607f96fd35a601618974461.jpg]
[waleedabdo.com/storage/gallery/607f96fd37bcf1618974461.jpg]
[waleedabdo.com/storage/gallery/607f972b1c7ec1618974507.jpg]
[waleedabdo.com/storage/gallery/607f972b1dc4e1618974507.jpg]
[waleedabdo.com/storage/gallery/607f972b1e5661618974507.jpg]
[waleedabdo.com/storage/gallery/607f972b1ef571618974507.jpg]
[waleedabdo.com/storage/gallery/607f972b1f64a1618974507.jpg]
[waleedabdo.com/storage/gallery/607f972b1fed41618974507.jpg]
[waleedabdo.com/storage/gallery/607f972b205971618974507.jpg]
[waleedabdo.com/storage/gallery/607f972b20b931618974507.jpg]
[waleedabdo.com/storage/gallery/607f972b2120f1618974507.jpg]
[waleedabdo.com/storage/gallery/607f972b2190a1618974507.jpg]
[waleedabdo.com/storage/gallery/607f972b220921618974507.jpg]
[waleedabdo.com/album/10/المراجعة-النهائية-[-2018-].html]
[waleedabdo.com/storage/gallery/607f94da923ae1618973914.jpg]
[waleedabdo.com/storage/gallery/607f9539445511618974009.jpg]
[waleedabdo.com/storage/gallery/607f953945e6d1618974009.jpg]
[waleedabdo.com/storage/gallery/607f9539467dd1618974009.jpg]
[waleedabdo.com/storage/gallery/607f953947bb41618974009.jpg]
[waleedabdo.com/storage/gallery/607f953949a691618974009.jpg]
[waleedabdo.com/storage/gallery/607f95394ae601618974009.jpg]
[waleedabdo.com/storage/gallery/607f95394b7ab1618974009.jpg]
[waleedabdo.com/storage/gallery/607f95394d51b1618974009.jpg]
[waleedabdo.com/storage/gallery/607f9539514e01618974009.jpg]
[waleedabdo.com/album/9/رحلة-الأسكندرية-[-2018-].html]
[waleedabdo.com/storage/gallery/607e07d8855ac1618872280.jpg]
[waleedabdo.com/storage/gallery/607e07d886f131618872280.jpg]
[waleedabdo.com/storage/gallery/607e07d887ac81618872280.jpg]
[waleedabdo.com/storage/gallery/607e07d8886161618872280.jpg]
[waleedabdo.com/storage/gallery/607e07d888e8b1618872280.jpg]
[waleedabdo.com/storage/gallery/607e07d8896c81618872280.jpg]
[waleedabdo.com/storage/gallery/607e07d889d501618872280.jpg]
[waleedabdo.com/album/8/مناسبات-سعيدة.html]
[waleedabdo.com/storage/gallery/60774bfb923951618430971.jpg]
[waleedabdo.com/storage/gallery/60774c5e9f8f51618431070.jpg]
[waleedabdo.com/storage/gallery/60774c5ea15c91618431070.jpg]
[waleedabdo.com/storage/gallery/60774c5ea1f8d1618431070.jpg]
[waleedabdo.com/storage/gallery/60774c5ea25861618431070.jpg]
[waleedabdo.com/storage/gallery/60774c5ea38191618431070.jpg]
[waleedabdo.com/storage/gallery/60774c5ea569f1618431070.jpg]
[waleedabdo.com/storage/gallery/60774c5ea5ed01618431070.jpg]
[waleedabdo.com/storage/gallery/60774c5ea69201618431070.jpg]
[waleedabdo.com/storage/gallery/60774c5ea81bb1618431070.jpg]
[waleedabdo.com/storage/gallery/60774c5ea8bcd1618431070.jpg]
[waleedabdo.com/storage/gallery/60774c5ea96e31618431070.jpg]
[waleedabdo.com/storage/gallery/60774c5ea9dcf1618431070.jpg]
[waleedabdo.com/storage/gallery/60774c5eaa6f91618431070.jpg]
[waleedabdo.com/storage/gallery/60774c5eab0a31618431070.jpg]
[waleedabdo.com/storage/gallery/60774c5eac69e1618431070.jpg]
[waleedabdo.com/storage/gallery/60774c5eadce61618431070.jpg]
[waleedabdo.com/storage/gallery/60774c5eae69c1618431070.jpg]
[waleedabdo.com/storage/gallery/60774c5eaf50e1618431070.jpg]
[waleedabdo.com/storage/gallery/60774c5eb1f361618431070.jpg]
[waleedabdo.com/storage/gallery/60774c5eb32461618431070.jpg]
[waleedabdo.com/album/7/رحلة-الأسكندرية-[-2019-].html]
[waleedabdo.com/blog-post.html]
[waleedabdo.com/post/11488f.html]
[waleedabdo.com/post/10b89e.html]
[waleedabdo.com/post/96803.html]
[waleedabdo.com/post/82292.html]
[waleedabdo.com/post/5305c.html]
[waleedabdo.com/web/css/plugins/bootstrap.min.css]
[waleedabdo.com/web/css/plugins/animate.css]
[waleedabdo.com/web/fonts/ionicons28b5.eot]
[waleedabdo.com/web/fonts/ionicons28b5.ttf]
[waleedabdo.com/web/fonts/ionicons28b5.woff]
[waleedabdo.com/web/css/plugins/ionicons.min.css]
[waleedabdo.com/web/fonts/Pe-icon-7-strokebb1d.eot]
[waleedabdo.com/web/fonts/Pe-icon-7-stroked41d.eot]
[waleedabdo.com/web/fonts/Pe-icon-7-strokebb1d.woff]
[waleedabdo.com/web/fonts/Pe-icon-7-strokebb1d.ttf]
[waleedabdo.com/web/css/plugins/pe-icon-7-stroke.css]
[waleedabdo.com/web/fonts/fa-brands-400.eot]
[waleedabdo.com/web/fonts/fa-brands-400d41d.eot]
[waleedabdo.com/web/fonts/fa-brands-400.woff2]
[waleedabdo.com/web/fonts/fa-brands-400.woff]
[waleedabdo.com/web/fonts/fa-brands-400.ttf]
[waleedabdo.com/web/fonts/fa-regular-400.eot]
[waleedabdo.com/web/fonts/fa-regular-400d41d.eot]
[waleedabdo.com/web/fonts/fa-regular-400.woff2]
[waleedabdo.com/web/fonts/fa-regular-400.woff]
[waleedabdo.com/web/fonts/fa-regular-400.ttf]
[waleedabdo.com/web/fonts/fa-solid-900.eot]
[waleedabdo.com/web/fonts/fa-solid-900d41d.eot]
[waleedabdo.com/web/fonts/fa-solid-900.woff2]
[waleedabdo.com/web/fonts/fa-solid-900.woff]
[waleedabdo.com/web/fonts/fa-solid-900.ttf]
[waleedabdo.com/web/css/plugins/fontawesome-all.min.css]
[waleedabdo.com/web/css/plugins/justifiedGallery.min.css]
[waleedabdo.com/web/css/plugins/YouTubePopUp.css]
[waleedabdo.com/web/css/plugins/slick.css]
[waleedabdo.com/web/css/plugins/slick-theme.css]
[waleedabdo.com/web/css/plugins/swiper.min.css]
[waleedabdo.com/web/img/dots.html]
[waleedabdo.com/web/scss/libs/bootstrap.min.css]
[waleedabdo.com/web/scss/layout-out.css]
[waleedabdo.com/web/scss/personal-page.css]
[waleedabdo.com/signup.html]
[waleedabdo.com/web/images/banner-bg.png]
[waleedabdo.com/web/scss/blog.css]
[waleedabdo.com/blog-2.html]
[waleedabdo.com/web/scss/gallery.css]
[waleedabdo.com/index-2.html]
[waleedabdo.com/storage/gallery/607448c00b77b1618233536.jpg]
[waleedabdo.com/storage/gallery/607448df935061618233567.jpg]
[waleedabdo.com/storage/gallery/607448dfa0df21618233567.jpg]
[waleedabdo.com/storage/gallery/607449ffde98c1618233855.jpg]
[waleedabdo.com/storage/gallery/607449ffdf8a31618233855.jpg]
[waleedabdo.com/storage/gallery/607449ffe02951618233855.jpg]
[waleedabdo.com/storage/gallery/607449ffe166e1618233855.jpg]
[waleedabdo.com/storage/gallery/607449ffe1f941618233855.jpg]
[waleedabdo.com/storage/gallery/607449ffe266d1618233855.jpg]
[waleedabdo.com/storage/gallery/607449ffe43a81618233855.jpg]
[waleedabdo.com/storage/gallery/607449ffe4bb71618233855.jpg]
[waleedabdo.com/storage/gallery/607449ffe56441618233855.jpg]
[waleedabdo.com/storage/gallery/607449ffe6b131618233855.jpg]
[waleedabdo.com/storage/gallery/607449ffe74d21618233855.jpg]
[waleedabdo.com/storage/gallery/607449ffe7dd21618233855.jpg]
[waleedabdo.com/storage/gallery/607449ffe88141618233855.jpg]
[waleedabdo.com/storage/gallery/607449ffe914f1618233855.jpg]
[waleedabdo.com/storage/gallery/60759466ee8151618318438.jpg]
[waleedabdo.com/storage/gallery/60759466f309b1618318438.jpg]
[waleedabdo.com/storage/gallery/60759467005091618318439.jpg]
[waleedabdo.com/storage/gallery/6075946700dfb1618318439.jpg]
[waleedabdo.com/storage/gallery/60759467016391618318439.jpg]
[waleedabdo.com/storage/gallery/6075946701dae1618318439.jpg]
[waleedabdo.com/storage/gallery/607594670230a1618318439.jpg]
[waleedabdo.com/storage/gallery/6075946702a311618318439.jpg]
[waleedabdo.com/storage/gallery/6075946702e991618318439.jpg]
[waleedabdo.com/storage/gallery/60759467034bd1618318439.jpg]
[waleedabdo.com/storage/gallery/607e077ee20941618872190.jpg]
[waleedabdo.com/storage/gallery/607e077ee5d641618872190.jpg]
[waleedabdo.com/storage/gallery/607e077ee66d41618872190.jpg]
[waleedabdo.com/storage/gallery/607e077ee6eb31618872190.jpg]
[waleedabdo.com/storage/gallery/607e077ee736e1618872190.jpg]
[waleedabdo.com/storage/gallery/607e077ee7a9f1618872190.jpg]
[waleedabdo.com/storage/gallery/607e077ee83241618872190.jpg]
[waleedabdo.com/storage/gallery/607e077ee8b251618872190.jpg]
[waleedabdo.com/storage/gallery/607e077ee96491618872190.jpg]
[waleedabdo.com/storage/gallery/607e077ee9bec1618872190.jpg]
[waleedabdo.com/storage/gallery/607e077eea1511618872190.jpg]
[waleedabdo.com/storage/gallery/607e077eea7541618872190.jpg]
[waleedabdo.com/storage/gallery/607e077eeadc71618872190.jpg]
[waleedabdo.com/storage/gallery/607e077eeb4ac1618872190.jpg]
[waleedabdo.com/storage/gallery/607e077eeb94e1618872190.jpg]
[waleedabdo.com/storage/gallery/607e077eec0fe1618872190.jpg]
[waleedabdo.com/storage/gallery/607e077eec7991618872190.jpg]
[waleedabdo.com/storage/gallery/607e077eecdb31618872190.jpg]
[waleedabdo.com/storage/gallery/607e077eed22b1618872190.jpg]
[waleedabdo.com/storage/gallery/607e077eed7921618872190.jpg]
[waleedabdo.com/album/6/رحلة-الأسكندرية-[-2021-].html]
[waleedabdo.com/web/scss/contact.css]
[waleedabdo.com/web/scss/libs/all.min.html]
[waleedabdo.com/web/images/landing-background-light.jpg]
[waleedabdo.com/web/scss/enter.css]
[waleedabdo.com/student/index.html]
[waleedabdo.com/student/terms.html]
[waleedabdo.com/web/scss/fonts/lg8306.ttf]
[waleedabdo.com/web/scss/fonts/lg8306.woff]
[waleedabdo.com/web/scss/img/vimeo-play.png]
[waleedabdo.com/web/scss/img/video-play.png]
[waleedabdo.com/web/scss/img/youtube-play.png]
[waleedabdo.com/web/scss/img/loading.gif]
[waleedabdo.com/web/scss/libs/lightgallery.min.css]
[waleedabdo.com/web/scss/album.css]
[waleedabdo.com/web/scss/blog-post.css]
[waleedabdo.com/web/fonts/ionicons28b5.svg]
[waleedabdo.com/web/fonts/Pe-icon-7-strokebb1d.svg]
[waleedabdo.com/web/fonts/fa-brands-400.svg]
[waleedabdo.com/web/fonts/fa-regular-400.svg]
[waleedabdo.com/web/fonts/fa-solid-900.svg]
[waleedabdo.com/web/css/images/close.html]
[waleedabdo.com/css/plugins/fontawesome-all.min.html]
[waleedabdo.com/web/scss/fonts/lg8306.svg]
[cdn.jsdelivr.net/picturefill/2.3.1/picturefill.min.js]
